<?xml version="1.0" encoding="UTF-8"?>
<!-- Generated by org.testng.reporters.JUnitXMLReporter -->
<testsuite ignored="4" hostname="G3-PC-02" failures="0" tests="1" name="Default test" time="45.824" errors="0" timestamp="2025-10-06T15:40:55 IST">
  <testcase classname="login_pages_test.ForgotPassword_Test" name="Verify_Resetpassword_link_is_sent" time="9.757"/>
  <testcase classname="login_pages_test.ForgotPassword_Test" name="Check_Forgot_Password_button_IS_Working" time="0.0">
    <ignored/>
  </testcase> <!-- Check_Forgot_Password_button_IS_Working -->
  <testcase classname="login_pages_test.ForgotPassword_Test" name="Verify_forgot_password_email_validation_message" time="0.0">
    <ignored/>
  </testcase> <!-- Verify_forgot_password_email_validation_message -->
  <testcase classname="login_pages_test.ForgotPassword_Test" name="click_Forgot_Password_Continue" time="0.0">
    <ignored/>
  </testcase> <!-- click_Forgot_Password_Continue -->
  <testcase classname="login_pages_test.ForgotPassword_Test" name="click_backto_signin_button" time="0.0">
    <ignored/>
  </testcase> <!-- click_backto_signin_button -->
</testsuite> <!-- Default test -->
