<?xml version="1.0" encoding="UTF-8"?>
<testng-results ignored="4" total="5" passed="1" failed="0" skipped="0">
  <reporter-output>
  </reporter-output>
  <suite started-at="2025-10-06T15:40:09 IST" name="Default suite" finished-at="2025-10-06T15:40:55 IST" duration-ms="45824">
    <groups>
    </groups>
    <test started-at="2025-10-06T15:40:09 IST" name="Default test" finished-at="2025-10-06T15:40:55 IST" duration-ms="45824">
      <class name="login_pages_test.ForgotPassword_Test">
        <test-method is-config="true" signature="Login()[pri:0, instance:login_pages_test.ForgotPassword_Test@e1de817]" started-at="2025-10-06T15:40:09 IST" name="Login" finished-at="2025-10-06T15:40:24 IST" duration-ms="15440" status="PASS">
          <reporter-output>
          </reporter-output>
        </test-method> <!-- Login -->
        <test-method signature="Verify_Resetpassword_link_is_sent()[pri:5, instance:login_pages_test.ForgotPassword_Test@e1de817]" started-at="2025-10-06T15:40:24 IST" name="Verify_Resetpassword_link_is_sent" finished-at="2025-10-06T15:40:34 IST" duration-ms="9757" status="PASS">
          <reporter-output>
          </reporter-output>
        </test-method> <!-- Verify_Resetpassword_link_is_sent -->
        <test-method is-config="true" signature="close()[pri:0, instance:login_pages_test.ForgotPassword_Test@e1de817]" started-at="2025-10-06T15:40:34 IST" name="close" finished-at="2025-10-06T15:40:55 IST" duration-ms="20587" status="PASS">
          <reporter-output>
          </reporter-output>
        </test-method> <!-- close -->
      </class> <!-- login_pages_test.ForgotPassword_Test -->
    </test> <!-- Default test -->
  </suite> <!-- Default suite -->
</testng-results>
